#-----------------------------------------------------------
# Webtalk v2018.2.1 (64-bit)
# SW Build 2288692 on Thu Jul 26 18:24:02 MDT 2018
# 
# Start of session at: Tue Sep  4 16:49:50 2018
# Process ID: 13224
# Current directory: Z:/Projects/snickerdoodle/snickerdoodle-base/snickerdoodle_black/snickerdoodle_black.sdk/webtalk
# Command line: wbtcv.exe -mode batch -source sdk_webtalk.tcl
# Log file: Z:/Projects/snickerdoodle/snickerdoodle-base/snickerdoodle_black/snickerdoodle_black.sdk/webtalk/webtalk.log
# Journal file: Z:/Projects/snickerdoodle/snickerdoodle-base/snickerdoodle_black/snickerdoodle_black.sdk/webtalk\webtalk.jou
#-----------------------------------------------------------
source sdk_webtalk.tcl
# webtalk_init -webtalk_dir Z:\\Projects\\snickerdoodle\\snickerdoodle-base\\snickerdoodle_black\\snickerdoodle_black.sdk\\webtalk
# webtalk_register_client -client project
# webtalk_add_data -client project -key date_generated -value "2018-09-04 16:49:49" -context "software_version_and_target_device"
# webtalk_add_data -client project -key product_version -value "SDK v2018.2" -context "software_version_and_target_device"
# webtalk_add_data -client project -key build_version -value "2018.2" -context "software_version_and_target_device"
# webtalk_add_data -client project -key os_platform -value "amd64" -context "software_version_and_target_device"
# webtalk_add_data -client project -key registration_id -value "211036957_0_0_824" -context "software_version_and_target_device"
# webtalk_add_data -client project -key tool_flow -value "SDK" -context "software_version_and_target_device"
# webtalk_add_data -client project -key beta -value "false" -context "software_version_and_target_device"
# webtalk_add_data -client project -key route_design -value "NA" -context "software_version_and_target_device"
# webtalk_add_data -client project -key target_family -value "NA" -context "software_version_and_target_device"
# webtalk_add_data -client project -key target_device -value "NA" -context "software_version_and_target_device"
# webtalk_add_data -client project -key target_package -value "NA" -context "software_version_and_target_device"
# webtalk_add_data -client project -key target_speed -value "NA" -context "software_version_and_target_device"
# webtalk_add_data -client project -key random_id -value "nefkr6bvr786pfa1vccid3liqj" -context "software_version_and_target_device"
# webtalk_add_data -client project -key project_id -value "2018.2_5" -context "software_version_and_target_device"
# webtalk_add_data -client project -key project_iteration -value "5" -context "software_version_and_target_device"
# webtalk_add_data -client project -key os_name -value "Microsoft Windows 8 or later , 64-bit" -context "user_environment"
# webtalk_add_data -client project -key os_release -value "major release  (build 9200)" -context "user_environment"
# webtalk_add_data -client project -key cpu_name -value "Intel(R) Core(TM) i7-4980HQ CPU @ 2.80GHz" -context "user_environment"
# webtalk_add_data -client project -key cpu_speed -value "2794 MHz" -context "user_environment"
# webtalk_add_data -client project -key total_processors -value "1" -context "user_environment"
# webtalk_add_data -client project -key system_ram -value "4.294 GB" -context "user_environment"
# webtalk_register_client -client sdk
# webtalk_add_data -client sdk -key uid -value "1536104683000" -context "sdk\\\\bsp/1536104683000"
# webtalk_add_data -client sdk -key hwid -value "1536104474000" -context "sdk\\\\bsp/1536104683000"
# webtalk_add_data -client sdk -key os -value "standalone" -context "sdk\\\\bsp/1536104683000"
# webtalk_add_data -client sdk -key apptemplate -value "zynq_fsbl" -context "sdk\\\\bsp/1536104683000"
# webtalk_add_data -client sdk -key RecordType -value "BSPCreation" -context "sdk\\\\bsp/1536104683000"
# webtalk_add_data -client sdk -key uid -value "1536104706000" -context "sdk\\\\application/1536104706000"
# webtalk_add_data -client sdk -key hwid -value "1536104474000" -context "sdk\\\\application/1536104706000"
# webtalk_add_data -client sdk -key bspid -value "1536104683000" -context "sdk\\\\application/1536104706000"
# webtalk_add_data -client sdk -key newbsp -value "true" -context "sdk\\\\application/1536104706000"
# webtalk_add_data -client sdk -key os -value "standalone" -context "sdk\\\\application/1536104706000"
# webtalk_add_data -client sdk -key apptemplate -value "zynq_fsbl" -context "sdk\\\\application/1536104706000"
# webtalk_add_data -client sdk -key RecordType -value "APPCreation" -context "sdk\\\\application/1536104706000"
# webtalk_add_data -client sdk -key LangUsed -value "C" -context "sdk\\\\application/1536104706000"
# webtalk_add_data -client sdk -key Procused -value "ps7_cortexa9" -context "sdk\\\\application/1536104706000"
# webtalk_add_data -client sdk -key projSize -value "599.54296875" -context "sdk\\\\application/1536104706000"
# webtalk_add_data -client sdk -key uid -value "NA" -context "sdk\\\\bsp/1536104989136"
# webtalk_add_data -client sdk -key RecordType -value "ToolUsage" -context "sdk\\\\bsp/1536104989136"
# webtalk_add_data -client sdk -key BootgenCount -value "0" -context "sdk\\\\bsp/1536104989136"
# webtalk_add_data -client sdk -key DebugCount -value "0" -context "sdk\\\\bsp/1536104989136"
# webtalk_add_data -client sdk -key PerfCount -value "0" -context "sdk\\\\bsp/1536104989136"
# webtalk_add_data -client sdk -key FlashCount -value "0" -context "sdk\\\\bsp/1536104989136"
# webtalk_add_data -client sdk -key CrossTriggCount -value "0" -context "sdk\\\\bsp/1536104989136"
# webtalk_add_data -client sdk -key QemuDebugCount -value "0" -context "sdk\\\\bsp/1536104989136"
# webtalk_transmit -clientid 2829204820 -regid "211036957_0_0_824" -xml Z:\\Projects\\snickerdoodle\\snickerdoodle-base\\snickerdoodle_black\\snickerdoodle_black.sdk\\webtalk\\usage_statistics_ext_sdk.xml -html Z:\\Projects\\snickerdoodle\\snickerdoodle-base\\snickerdoodle_black\\snickerdoodle_black.sdk\\webtalk\\usage_statistics_ext_sdk.html -wdm Z:\\Projects\\snickerdoodle\\snickerdoodle-base\\snickerdoodle_black\\snickerdoodle_black.sdk\\webtalk\\sdk_webtalk.wdm -intro "<H3>SDK Usage Report</H3><BR>"
INFO: [Common 17-186] 'Z:\Projects\snickerdoodle\snickerdoodle-base\snickerdoodle_black\snickerdoodle_black.sdk\webtalk\usage_statistics_ext_sdk.xml' has been successfully sent to Xilinx on Tue Sep  4 16:49:54 2018. For additional details about this file, please refer to the WebTalk help file at C:/Xilinx/SDK/2018.2/doc/webtalk_introduction.html.
# webtalk_terminate
INFO: [Common 17-206] Exiting Webtalk at Tue Sep  4 16:49:54 2018...
